{"contracts/Authorizable.sol":{"l":{"21":0,"22":0,"26":0,"27":0,"31":0,"32":0,"33":0},"path":"/home/samuele/Desktop/Soldino-PoC/contracts/Authorizable.sol","s":{"1":0,"2":0,"3":0,"4":0,"5":0,"6":0},"b":{"1":[0,0],"2":[0,0],"3":[0,0],"4":[0,0]},"f":{"1":0,"2":0,"3":0},"fnMap":{"1":{"name":"onlyAuthorized","line":20,"loc":{"start":{"line":20,"column":4},"end":{"line":20,"column":27}}},"2":{"name":"addAuthorized","line":25,"loc":{"start":{"line":25,"column":4},"end":{"line":25,"column":57}}},"3":{"name":"removeAuthorized","line":30,"loc":{"start":{"line":30,"column":4},"end":{"line":30,"column":63}}}},"statementMap":{"1":{"start":{"line":21,"column":8},"end":{"line":21,"column":69}},"2":{"start":{"line":26,"column":8},"end":{"line":26,"column":36}},"3":{"start":{"line":27,"column":8},"end":{"line":27,"column":32}},"4":{"start":{"line":31,"column":8},"end":{"line":31,"column":39}},"5":{"start":{"line":32,"column":8},"end":{"line":32,"column":39}},"6":{"start":{"line":33,"column":8},"end":{"line":33,"column":36}}},"branchMap":{"1":{"line":21,"type":"if","locations":[{"start":{"line":21,"column":8},"end":{"line":21,"column":8}},{"start":{"line":21,"column":8},"end":{"line":21,"column":8}}]},"2":{"line":26,"type":"if","locations":[{"start":{"line":26,"column":8},"end":{"line":26,"column":8}},{"start":{"line":26,"column":8},"end":{"line":26,"column":8}}]},"3":{"line":31,"type":"if","locations":[{"start":{"line":31,"column":8},"end":{"line":31,"column":8}},{"start":{"line":31,"column":8},"end":{"line":31,"column":8}}]},"4":{"line":32,"type":"if","locations":[{"start":{"line":32,"column":8},"end":{"line":32,"column":8}},{"start":{"line":32,"column":8},"end":{"line":32,"column":8}}]}}},"contracts/ContractManager.sol":{"l":{"14":2,"18":4,"19":4,"23":3,"27":1,"31":0,"35":1,"39":0,"43":1,"47":3,"51":1,"55":0,"59":0,"63":0,"67":0},"path":"/home/samuele/Desktop/Soldino-PoC/contracts/ContractManager.sol","s":{"1":2,"2":4,"3":3,"4":1,"5":0,"6":1,"7":0,"8":1,"9":3,"10":1,"11":0,"12":0,"13":0,"14":0},"b":{"1":[4,0]},"f":{"1":2,"2":4,"3":3,"4":1,"5":0,"6":1,"7":0,"8":1,"9":3,"10":1,"11":0,"12":0,"13":0,"14":0},"fnMap":{"1":{"name":null,"line":13,"loc":{"start":{"line":13,"column":4},"end":{"line":13,"column":23}}},"2":{"name":"onlyOwner","line":17,"loc":{"start":{"line":17,"column":4},"end":{"line":17,"column":22}}},"3":{"name":"getUserStorageAddress","line":22,"loc":{"start":{"line":22,"column":4},"end":{"line":22,"column":63}}},"4":{"name":"setUserStorageAddress","line":26,"loc":{"start":{"line":26,"column":4},"end":{"line":26,"column":78}}},"5":{"name":"getGovernmentAddress","line":30,"loc":{"start":{"line":30,"column":4},"end":{"line":30,"column":62}}},"6":{"name":"setGovernmentAddress","line":34,"loc":{"start":{"line":34,"column":4},"end":{"line":34,"column":76}}},"7":{"name":"getCitizenLogicAddress","line":38,"loc":{"start":{"line":38,"column":4},"end":{"line":38,"column":64}}},"8":{"name":"setCitizenLogicAddress","line":42,"loc":{"start":{"line":42,"column":4},"end":{"line":42,"column":83}}},"9":{"name":"getCitizenStorageAddress","line":46,"loc":{"start":{"line":46,"column":4},"end":{"line":46,"column":66}}},"10":{"name":"setCitizenStorageAddress","line":50,"loc":{"start":{"line":50,"column":4},"end":{"line":50,"column":87}}},"11":{"name":"getBusinessLogicAddress","line":54,"loc":{"start":{"line":54,"column":4},"end":{"line":54,"column":65}}},"12":{"name":"setBusinessLogicAddress","line":58,"loc":{"start":{"line":58,"column":4},"end":{"line":58,"column":85}}},"13":{"name":"getBusinessStorageAddress","line":62,"loc":{"start":{"line":62,"column":4},"end":{"line":62,"column":67}}},"14":{"name":"setBusinessStorageAddress","line":66,"loc":{"start":{"line":66,"column":4},"end":{"line":66,"column":89}}}},"statementMap":{"1":{"start":{"line":14,"column":8},"end":{"line":14,"column":32}},"2":{"start":{"line":18,"column":8},"end":{"line":18,"column":98}},"3":{"start":{"line":23,"column":8},"end":{"line":23,"column":33}},"4":{"start":{"line":27,"column":8},"end":{"line":27,"column":47}},"5":{"start":{"line":31,"column":8},"end":{"line":31,"column":32}},"6":{"start":{"line":35,"column":8},"end":{"line":35,"column":45}},"7":{"start":{"line":39,"column":8},"end":{"line":39,"column":34}},"8":{"start":{"line":43,"column":8},"end":{"line":43,"column":52}},"9":{"start":{"line":47,"column":8},"end":{"line":47,"column":36}},"10":{"start":{"line":51,"column":8},"end":{"line":51,"column":56}},"11":{"start":{"line":55,"column":8},"end":{"line":55,"column":35}},"12":{"start":{"line":59,"column":8},"end":{"line":59,"column":54}},"13":{"start":{"line":63,"column":8},"end":{"line":63,"column":37}},"14":{"start":{"line":67,"column":8},"end":{"line":67,"column":58}}},"branchMap":{"1":{"line":18,"type":"if","locations":[{"start":{"line":18,"column":8},"end":{"line":18,"column":8}},{"start":{"line":18,"column":8},"end":{"line":18,"column":8}}]}}},"contracts/Government.sol":{"l":{"7":2,"11":0,"12":0},"path":"/home/samuele/Desktop/Soldino-PoC/contracts/Government.sol","s":{"1":2,"2":0},"b":{"1":[0,0]},"f":{"1":2,"2":0},"fnMap":{"1":{"name":null,"line":6,"loc":{"start":{"line":6,"column":4},"end":{"line":6,"column":48}}},"2":{"name":"onlyOwner","line":10,"loc":{"start":{"line":10,"column":4},"end":{"line":10,"column":22}}}},"statementMap":{"1":{"start":{"line":7,"column":8},"end":{"line":7,"column":40}},"2":{"start":{"line":11,"column":8},"end":{"line":11,"column":97}}},"branchMap":{"1":{"line":11,"type":"if","locations":[{"start":{"line":11,"column":8},"end":{"line":11,"column":8}},{"start":{"line":11,"column":8},"end":{"line":11,"column":8}}]}}},"contracts/logic/CitizenLogic.sol":{"l":{"13":2,"14":2,"15":2,"25":0,"26":0,"27":0,"28":0,"29":0,"30":0,"36":0,"37":0},"path":"/home/samuele/Desktop/Soldino-PoC/contracts/logic/CitizenLogic.sol","s":{"1":2,"2":2,"3":2,"4":0,"5":0},"b":{"1":[0,0]},"f":{"1":2,"2":0,"3":0},"fnMap":{"1":{"name":null,"line":12,"loc":{"start":{"line":12,"column":4},"end":{"line":12,"column":54}}},"2":{"name":"registerCitizen","line":18,"loc":{"start":{"line":18,"column":4},"end":{"line":23,"column":18}}},"3":{"name":"getCitizenData","line":34,"loc":{"start":{"line":34,"column":4},"end":{"line":35,"column":68}}}},"statementMap":{"1":{"start":{"line":13,"column":8},"end":{"line":13,"column":65}},"2":{"start":{"line":14,"column":8},"end":{"line":14,"column":82}},"3":{"start":{"line":15,"column":8},"end":{"line":15,"column":73}},"4":{"start":{"line":36,"column":8},"end":{"line":36,"column":90}},"5":{"start":{"line":37,"column":8},"end":{"line":37,"column":46}}},"branchMap":{"1":{"line":36,"type":"if","locations":[{"start":{"line":36,"column":8},"end":{"line":36,"column":8}},{"start":{"line":36,"column":8},"end":{"line":36,"column":8}}]}}},"contracts/Owned.sol":{"l":{"12":0,"21":0,"22":0,"27":0},"path":"/home/samuele/Desktop/Soldino-PoC/contracts/Owned.sol","s":{"1":0,"2":0,"3":0},"b":{"1":[0,0]},"f":{"1":0,"2":0,"3":0},"fnMap":{"1":{"name":null,"line":11,"loc":{"start":{"line":11,"column":4},"end":{"line":11,"column":21}}},"2":{"name":"onlyOwner","line":20,"loc":{"start":{"line":20,"column":4},"end":{"line":20,"column":20}}},"3":{"name":"transferOwnership","line":26,"loc":{"start":{"line":26,"column":4},"end":{"line":26,"column":63}}}},"statementMap":{"1":{"start":{"line":12,"column":8},"end":{"line":12,"column":25}},"2":{"start":{"line":21,"column":8},"end":{"line":21,"column":56}},"3":{"start":{"line":27,"column":8},"end":{"line":27,"column":23}}},"branchMap":{"1":{"line":21,"type":"if","locations":[{"start":{"line":21,"column":8},"end":{"line":21,"column":8}},{"start":{"line":21,"column":8},"end":{"line":21,"column":8}}]}}},"contracts/Purchase.sol":{"l":{"14":0,"19":0,"20":0,"21":0,"25":0,"26":0,"27":0},"path":"/home/samuele/Desktop/Soldino-PoC/contracts/Purchase.sol","s":{"1":0,"2":0,"3":0,"4":0,"5":0,"6":0},"b":{"1":[0,0]},"f":{"1":0,"2":0,"3":0},"fnMap":{"1":{"name":null,"line":13,"loc":{"start":{"line":13,"column":4},"end":{"line":13,"column":36}}},"2":{"name":"receiveApproval","line":18,"loc":{"start":{"line":18,"column":4},"end":{"line":18,"column":114}}},"3":{"name":"confirmBuy","line":24,"loc":{"start":{"line":24,"column":4},"end":{"line":24,"column":61}}}},"statementMap":{"1":{"start":{"line":14,"column":8},"end":{"line":14,"column":41}},"2":{"start":{"line":19,"column":7},"end":{"line":19,"column":48}},"3":{"start":{"line":20,"column":7},"end":{"line":20,"column":68}},"4":{"start":{"line":21,"column":7},"end":{"line":21,"column":38}},"5":{"start":{"line":25,"column":8},"end":{"line":25,"column":44}},"6":{"start":{"line":27,"column":8},"end":{"line":27,"column":55}}},"branchMap":{"1":{"line":20,"type":"if","locations":[{"start":{"line":20,"column":7},"end":{"line":20,"column":7}},{"start":{"line":20,"column":7},"end":{"line":20,"column":7}}]}}},"contracts/storage/BusinessStorage.sol":{"l":{"36":0,"37":0,"41":0,"45":0,"49":0,"53":0,"58":0,"62":0,"66":0,"70":0,"74":0,"78":0,"82":0,"86":0,"90":0},"path":"/home/samuele/Desktop/Soldino-PoC/contracts/storage/BusinessStorage.sol","s":{"1":0,"2":0,"3":0,"4":0,"5":0,"6":0,"7":0,"8":0,"9":0,"10":0,"11":0,"12":0,"13":0,"14":0},"b":{"1":[0,0]},"f":{"1":0,"2":0,"3":0,"4":0,"5":0,"6":0,"7":0,"8":0,"9":0,"10":0,"11":0,"12":0,"13":0,"14":0},"fnMap":{"1":{"name":"onlyGovernment","line":35,"loc":{"start":{"line":35,"column":4},"end":{"line":35,"column":27}}},"2":{"name":"getName","line":40,"loc":{"start":{"line":40,"column":4},"end":{"line":40,"column":76}}},"3":{"name":"getEmail","line":44,"loc":{"start":{"line":44,"column":4},"end":{"line":44,"column":77}}},"4":{"name":"getDeliveryAddressaddress","line":48,"loc":{"start":{"line":48,"column":4},"end":{"line":48,"column":95}}},"5":{"name":"getActive","line":52,"loc":{"start":{"line":52,"column":4},"end":{"line":52,"column":69}}},"6":{"name":"setName","line":57,"loc":{"start":{"line":57,"column":4},"end":{"line":57,"column":68}}},"7":{"name":"setEmail","line":61,"loc":{"start":{"line":61,"column":4},"end":{"line":61,"column":70}}},"8":{"name":"setDeliveryAddress","line":65,"loc":{"start":{"line":65,"column":4},"end":{"line":65,"column":85}}},"9":{"name":"setVATNumber","line":69,"loc":{"start":{"line":69,"column":4},"end":{"line":69,"column":78}}},"10":{"name":"setIndex","line":73,"loc":{"start":{"line":73,"column":4},"end":{"line":73,"column":62}}},"11":{"name":"setActive","line":77,"loc":{"start":{"line":77,"column":4},"end":{"line":77,"column":78}}},"12":{"name":"getBusinessListLength","line":81,"loc":{"start":{"line":81,"column":4},"end":{"line":81,"column":60}}},"13":{"name":"getAddressAt","line":85,"loc":{"start":{"line":85,"column":4},"end":{"line":85,"column":75}}},"14":{"name":"pushToBusinessList","line":89,"loc":{"start":{"line":89,"column":5},"end":{"line":89,"column":58}}}},"statementMap":{"1":{"start":{"line":36,"column":8},"end":{"line":36,"column":93}},"2":{"start":{"line":41,"column":8},"end":{"line":41,"column":51}},"3":{"start":{"line":45,"column":8},"end":{"line":45,"column":52}},"4":{"start":{"line":49,"column":8},"end":{"line":49,"column":62}},"5":{"start":{"line":53,"column":8},"end":{"line":53,"column":53}},"6":{"start":{"line":58,"column":8},"end":{"line":58,"column":51}},"7":{"start":{"line":62,"column":8},"end":{"line":62,"column":53}},"8":{"start":{"line":66,"column":8},"end":{"line":66,"column":68}},"9":{"start":{"line":70,"column":8},"end":{"line":70,"column":61}},"10":{"start":{"line":74,"column":8},"end":{"line":74,"column":53}},"11":{"start":{"line":78,"column":8},"end":{"line":78,"column":55}},"12":{"start":{"line":82,"column":8},"end":{"line":82,"column":34}},"13":{"start":{"line":86,"column":8},"end":{"line":86,"column":66}},"14":{"start":{"line":90,"column":8},"end":{"line":90,"column":66}}},"branchMap":{"1":{"line":36,"type":"if","locations":[{"start":{"line":36,"column":8},"end":{"line":36,"column":8}},{"start":{"line":36,"column":8},"end":{"line":36,"column":8}}]}}},"contracts/storage/CitizenStorage.sol":{"l":{"35":3,"36":2,"40":2,"44":1,"48":1,"52":1,"56":2,"60":1,"64":1,"68":1,"72":1,"76":1,"80":0,"84":2,"88":0,"92":0,"96":0,"101":0,"102":0},"path":"/home/samuele/Desktop/Soldino-PoC/contracts/storage/CitizenStorage.sol","s":{"1":3,"2":2,"3":1,"4":1,"5":1,"6":2,"7":1,"8":1,"9":1,"10":1,"11":1,"12":0,"13":2,"14":0,"15":0,"16":0,"17":0,"18":0},"b":{"1":[2,1]},"f":{"1":3,"2":2,"3":1,"4":1,"5":1,"6":2,"7":1,"8":1,"9":1,"10":1,"11":1,"12":0,"13":2,"14":0,"15":0,"16":0,"17":0},"fnMap":{"1":{"name":"onlyGovernment","line":34,"loc":{"start":{"line":34,"column":4},"end":{"line":34,"column":27}}},"2":{"name":null,"line":39,"loc":{"start":{"line":39,"column":4},"end":{"line":39,"column":48}}},"3":{"name":"getName","line":43,"loc":{"start":{"line":43,"column":4},"end":{"line":43,"column":76}}},"4":{"name":"getEmail","line":47,"loc":{"start":{"line":47,"column":4},"end":{"line":47,"column":77}}},"5":{"name":"getDeliveryAddress","line":51,"loc":{"start":{"line":51,"column":4},"end":{"line":51,"column":87}}},"6":{"name":"getActive","line":55,"loc":{"start":{"line":55,"column":4},"end":{"line":55,"column":69}}},"7":{"name":"getSurname","line":59,"loc":{"start":{"line":59,"column":4},"end":{"line":59,"column":79}}},"8":{"name":"setName","line":63,"loc":{"start":{"line":63,"column":4},"end":{"line":63,"column":68}}},"9":{"name":"setEmail","line":67,"loc":{"start":{"line":67,"column":4},"end":{"line":67,"column":70}}},"10":{"name":"setSurname","line":71,"loc":{"start":{"line":71,"column":4},"end":{"line":71,"column":74}}},"11":{"name":"setDeliveryAddress","line":75,"loc":{"start":{"line":75,"column":4},"end":{"line":75,"column":85}}},"12":{"name":"setIndex","line":79,"loc":{"start":{"line":79,"column":4},"end":{"line":79,"column":62}}},"13":{"name":"setActive","line":83,"loc":{"start":{"line":83,"column":4},"end":{"line":83,"column":78}}},"14":{"name":"getCitizenListLength","line":87,"loc":{"start":{"line":87,"column":4},"end":{"line":87,"column":59}}},"15":{"name":"getAddressAt","line":91,"loc":{"start":{"line":91,"column":4},"end":{"line":91,"column":75}}},"16":{"name":"pushToCitizenList","line":95,"loc":{"start":{"line":95,"column":4},"end":{"line":95,"column":71}}},"17":{"name":"getCitizenData","line":99,"loc":{"start":{"line":99,"column":4},"end":{"line":100,"column":69}}}},"statementMap":{"1":{"start":{"line":35,"column":8},"end":{"line":35,"column":93}},"2":{"start":{"line":40,"column":8},"end":{"line":40,"column":45}},"3":{"start":{"line":44,"column":8},"end":{"line":44,"column":50}},"4":{"start":{"line":48,"column":8},"end":{"line":48,"column":51}},"5":{"start":{"line":52,"column":8},"end":{"line":52,"column":61}},"6":{"start":{"line":56,"column":8},"end":{"line":56,"column":52}},"7":{"start":{"line":60,"column":8},"end":{"line":60,"column":53}},"8":{"start":{"line":64,"column":8},"end":{"line":64,"column":50}},"9":{"start":{"line":68,"column":8},"end":{"line":68,"column":52}},"10":{"start":{"line":72,"column":8},"end":{"line":72,"column":56}},"11":{"start":{"line":76,"column":8},"end":{"line":76,"column":67}},"12":{"start":{"line":80,"column":8},"end":{"line":80,"column":52}},"13":{"start":{"line":84,"column":8},"end":{"line":84,"column":54}},"14":{"start":{"line":88,"column":8},"end":{"line":88,"column":33}},"15":{"start":{"line":92,"column":8},"end":{"line":92,"column":64}},"16":{"start":{"line":96,"column":8},"end":{"line":96,"column":65}},"17":{"start":{"line":101,"column":8},"end":{"line":101,"column":67}},"18":{"start":{"line":102,"column":8},"end":{"line":102,"column":86}}},"branchMap":{"1":{"line":35,"type":"if","locations":[{"start":{"line":35,"column":8},"end":{"line":35,"column":8}},{"start":{"line":35,"column":8},"end":{"line":35,"column":8}}]}}},"contracts/storage/TokenCubit.sol":{"l":{"71":0,"72":0,"74":0,"75":0,"76":0,"77":0,"85":0,"87":0,"89":0,"91":0,"93":0,"95":0,"96":0,"98":0,"110":0,"111":0,"115":0,"127":0,"128":0,"129":0,"130":0,"143":0,"144":0,"145":0,"161":0,"162":0,"163":0,"164":0,"176":0,"177":0,"178":0,"179":0,"180":0,"192":0,"193":0,"194":0,"195":0,"196":0,"197":0,"198":0,"209":0,"210":0,"211":0,"212":0},"path":"/home/samuele/Desktop/Soldino-PoC/contracts/storage/TokenCubit.sol","s":{"1":0,"2":0,"3":0,"4":0,"5":0,"6":0,"7":0,"8":0,"9":0,"10":0,"11":0,"12":0,"13":0,"14":0,"15":0,"16":0,"17":0,"18":0,"19":0,"20":0,"21":0,"22":0,"23":0,"24":0,"25":0,"26":0,"27":0,"28":0,"29":0,"30":0,"31":0,"32":0,"33":0,"34":0,"35":0,"36":0,"37":0,"38":0,"39":0,"40":0,"41":0,"42":0,"43":0},"b":{"1":[0,0],"2":[0,0],"3":[0,0],"4":[0,0],"5":[0,0],"6":[0,0],"7":[0,0],"8":[0,0],"9":[0,0],"10":[0,0]},"f":{"1":0,"2":0,"3":0,"4":0,"5":0,"6":0,"7":0,"8":0,"9":0,"10":0},"fnMap":{"1":{"name":null,"line":65,"loc":{"start":{"line":65,"column":5},"end":{"line":70,"column":16}}},"2":{"name":"_transfer","line":83,"loc":{"start":{"line":83,"column":4},"end":{"line":83,"column":70}}},"3":{"name":"transfer","line":109,"loc":{"start":{"line":109,"column":4},"end":{"line":109,"column":78}}},"4":{"name":"getOwner","line":114,"loc":{"start":{"line":114,"column":4},"end":{"line":114,"column":51}}},"5":{"name":"transferFrom","line":126,"loc":{"start":{"line":126,"column":4},"end":{"line":126,"column":97}}},"6":{"name":"approve","line":141,"loc":{"start":{"line":141,"column":4},"end":{"line":142,"column":32}}},"7":{"name":"approveAndCall","line":157,"loc":{"start":{"line":157,"column":4},"end":{"line":160,"column":32}}},"8":{"name":"burn","line":175,"loc":{"start":{"line":175,"column":4},"end":{"line":175,"column":61}}},"9":{"name":"burnFrom","line":191,"loc":{"start":{"line":191,"column":4},"end":{"line":191,"column":80}}},"10":{"name":"mintToken","line":208,"loc":{"start":{"line":208,"column":4},"end":{"line":208,"column":75}}}},"statementMap":{"1":{"start":{"line":71,"column":8},"end":{"line":71,"column":3010}},"2":{"start":{"line":72,"column":12},"end":{"line":72,"column":32}},"3":{"start":{"line":74,"column":8},"end":{"line":74,"column":34}},"4":{"start":{"line":75,"column":8},"end":{"line":75,"column":42}},"5":{"start":{"line":76,"column":8},"end":{"line":76,"column":23}},"6":{"start":{"line":77,"column":8},"end":{"line":77,"column":27}},"7":{"start":{"line":85,"column":8},"end":{"line":85,"column":52}},"8":{"start":{"line":87,"column":8},"end":{"line":87,"column":62}},"9":{"start":{"line":89,"column":8},"end":{"line":89,"column":77}},"10":{"start":{"line":91,"column":8},"end":{"line":91,"column":64}},"11":{"start":{"line":93,"column":8},"end":{"line":93,"column":33}},"12":{"start":{"line":95,"column":8},"end":{"line":95,"column":31}},"13":{"start":{"line":96,"column":8},"end":{"line":96,"column":41}},"14":{"start":{"line":98,"column":8},"end":{"line":98,"column":68}},"15":{"start":{"line":110,"column":8},"end":{"line":110,"column":41}},"16":{"start":{"line":111,"column":8},"end":{"line":111,"column":19}},"17":{"start":{"line":115,"column":6},"end":{"line":115,"column":18}},"18":{"start":{"line":127,"column":8},"end":{"line":127,"column":54}},"19":{"start":{"line":128,"column":8},"end":{"line":128,"column":45}},"20":{"start":{"line":129,"column":8},"end":{"line":129,"column":36}},"21":{"start":{"line":130,"column":8},"end":{"line":130,"column":19}},"22":{"start":{"line":143,"column":8},"end":{"line":143,"column":47}},"23":{"start":{"line":144,"column":8},"end":{"line":144,"column":51}},"24":{"start":{"line":145,"column":8},"end":{"line":145,"column":19}},"25":{"start":{"line":161,"column":8},"end":{"line":161,"column":56}},"26":{"start":{"line":162,"column":8},"end":{"line":162,"column":6457}},"27":{"start":{"line":164,"column":12},"end":{"line":164,"column":23}},"28":{"start":{"line":176,"column":8},"end":{"line":176,"column":47}},"29":{"start":{"line":177,"column":8},"end":{"line":177,"column":38}},"30":{"start":{"line":178,"column":8},"end":{"line":178,"column":28}},"31":{"start":{"line":179,"column":8},"end":{"line":179,"column":37}},"32":{"start":{"line":180,"column":8},"end":{"line":180,"column":19}},"33":{"start":{"line":192,"column":8},"end":{"line":192,"column":42}},"34":{"start":{"line":193,"column":8},"end":{"line":193,"column":54}},"35":{"start":{"line":194,"column":8},"end":{"line":194,"column":33}},"36":{"start":{"line":195,"column":8},"end":{"line":195,"column":45}},"37":{"start":{"line":196,"column":8},"end":{"line":196,"column":28}},"38":{"start":{"line":197,"column":8},"end":{"line":197,"column":32}},"39":{"start":{"line":198,"column":8},"end":{"line":198,"column":19}},"40":{"start":{"line":209,"column":8},"end":{"line":209,"column":40}},"41":{"start":{"line":210,"column":8},"end":{"line":210,"column":34}},"42":{"start":{"line":211,"column":8},"end":{"line":211,"column":54}},"43":{"start":{"line":212,"column":8},"end":{"line":212,"column":50}}},"branchMap":{"1":{"line":71,"type":"if","locations":[{"start":{"line":71,"column":8},"end":{"line":71,"column":8}},{"start":{"line":71,"column":8},"end":{"line":71,"column":8}}]},"2":{"line":85,"type":"if","locations":[{"start":{"line":85,"column":8},"end":{"line":85,"column":8}},{"start":{"line":85,"column":8},"end":{"line":85,"column":8}}]},"3":{"line":87,"type":"if","locations":[{"start":{"line":87,"column":8},"end":{"line":87,"column":8}},{"start":{"line":87,"column":8},"end":{"line":87,"column":8}}]},"4":{"line":89,"type":"if","locations":[{"start":{"line":89,"column":8},"end":{"line":89,"column":8}},{"start":{"line":89,"column":8},"end":{"line":89,"column":8}}]},"5":{"line":98,"type":"if","locations":[{"start":{"line":98,"column":8},"end":{"line":98,"column":8}},{"start":{"line":98,"column":8},"end":{"line":98,"column":8}}]},"6":{"line":127,"type":"if","locations":[{"start":{"line":127,"column":8},"end":{"line":127,"column":8}},{"start":{"line":127,"column":8},"end":{"line":127,"column":8}}]},"7":{"line":162,"type":"if","locations":[{"start":{"line":162,"column":8},"end":{"line":162,"column":8}},{"start":{"line":162,"column":8},"end":{"line":162,"column":8}}]},"8":{"line":176,"type":"if","locations":[{"start":{"line":176,"column":8},"end":{"line":176,"column":8}},{"start":{"line":176,"column":8},"end":{"line":176,"column":8}}]},"9":{"line":192,"type":"if","locations":[{"start":{"line":192,"column":8},"end":{"line":192,"column":8}},{"start":{"line":192,"column":8},"end":{"line":192,"column":8}}]},"10":{"line":193,"type":"if","locations":[{"start":{"line":193,"column":8},"end":{"line":193,"column":8}},{"start":{"line":193,"column":8},"end":{"line":193,"column":8}}]}}},"contracts/storage/UserStorage.sol":{"l":{"11":0,"16":0,"20":0,"21":0},"path":"/home/samuele/Desktop/Soldino-PoC/contracts/storage/UserStorage.sol","s":{"1":0,"2":0,"3":0,"4":0},"b":{"1":[0,0]},"f":{"1":0,"2":0,"3":0},"fnMap":{"1":{"name":null,"line":10,"loc":{"start":{"line":10,"column":4},"end":{"line":10,"column":54}}},"2":{"name":"getUserType","line":15,"loc":{"start":{"line":15,"column":4},"end":{"line":15,"column":72}}},"3":{"name":"addUser","line":19,"loc":{"start":{"line":19,"column":4},"end":{"line":19,"column":64}}}},"statementMap":{"1":{"start":{"line":11,"column":8},"end":{"line":11,"column":55}},"2":{"start":{"line":16,"column":8},"end":{"line":16,"column":38}},"3":{"start":{"line":20,"column":8},"end":{"line":20,"column":73}},"4":{"start":{"line":21,"column":8},"end":{"line":21,"column":42}}},"branchMap":{"1":{"line":20,"type":"if","locations":[{"start":{"line":20,"column":8},"end":{"line":20,"column":8}},{"start":{"line":20,"column":8},"end":{"line":20,"column":8}}]}}},"contracts/UserStorage.sol":{"l":{"11":2,"16":4,"20":2,"21":2},"path":"/home/samuele/Desktop/Soldino-PoC/contracts/UserStorage.sol","s":{"1":2,"2":4,"3":2,"4":2},"b":{"1":[2,0]},"f":{"1":2,"2":4,"3":2},"fnMap":{"1":{"name":null,"line":10,"loc":{"start":{"line":10,"column":4},"end":{"line":10,"column":54}}},"2":{"name":"getUserType","line":15,"loc":{"start":{"line":15,"column":4},"end":{"line":15,"column":72}}},"3":{"name":"addUser","line":19,"loc":{"start":{"line":19,"column":4},"end":{"line":19,"column":64}}}},"statementMap":{"1":{"start":{"line":11,"column":8},"end":{"line":11,"column":55}},"2":{"start":{"line":16,"column":8},"end":{"line":16,"column":38}},"3":{"start":{"line":20,"column":8},"end":{"line":20,"column":73}},"4":{"start":{"line":21,"column":8},"end":{"line":21,"column":42}}},"branchMap":{"1":{"line":20,"type":"if","locations":[{"start":{"line":20,"column":8},"end":{"line":20,"column":8}},{"start":{"line":20,"column":8},"end":{"line":20,"column":8}}]}}}}